{
"contracts/core/BaseVault.sol":{"l":{"102":15,"103":15,"104":15,"105":15,"107":15,"108":15,"109":15,"110":15,"122":3,"123":2,"124":1,"132":2,"134":1,"137":1,"145":2,"147":1,"149":1,"157":2,"159":1,"161":1,"162":1,"174":14,"176":13,"179":12,"189":3,"190":2,"192":1,"195":1,"204":14,"205":14,"207":14,"209":13,"211":13,"214":13,"220":13,"223":13,"224":1,"225":1,"228":13,"230":13,"236":13,"237":13,"239":13,"247":9,"251":8,"252":6,"256":8,"257":8,"259":8,"261":8,"263":8,"265":8,"266":8,"267":1,"269":7,"270":6,"271":6,"274":7,"275":7,"277":7,"278":7,"279":7,"281":7,"288":5,"290":5,"291":5,"294":5,"296":4,"299":3,"300":3,"302":3,"308":3,"310":3,"312":3,"314":3,"322":3,"323":2,"330":2,"339":10,"343":10,"345":10,"351":10,"352":10,"353":3,"355":7,"360":6,"362":6,"363":6,"365":6,"367":6,"382":10,"391":10,"392":10,"394":10,"399":10,"402":10,"403":10,"405":10,"407":10,"416":10,"423":10,"424":1,"425":1,"428":10,"437":4,"438":4,"451":1,"452":1,"453":1,"462":4,"463":4,"473":8,"475":8,"476":1,"479":7,"485":7,"492":1,"500":16,"507":1},"path":"/Users/web3/Hardhat/lyra-vaults/contracts/core/BaseVault.sol","s":{"1":15,"2":15,"3":15,"4":15,"5":15,"6":15,"7":15,"8":15,"9":3,"10":2,"11":1,"12":2,"13":1,"14":1,"15":2,"16":1,"17":1,"18":2,"19":1,"20":1,"21":1,"22":14,"23":13,"24":12,"25":3,"26":2,"27":1,"28":1,"29":14,"30":14,"31":14,"32":13,"33":13,"34":13,"35":13,"36":13,"37":1,"38":1,"39":13,"40":13,"41":13,"42":13,"43":13,"44":9,"45":8,"46":6,"47":8,"48":8,"49":8,"50":8,"51":8,"52":8,"53":8,"54":1,"55":7,"56":6,"57":6,"58":7,"59":7,"60":7,"61":7,"62":7,"63":7,"64":5,"65":5,"66":5,"67":5,"68":4,"69":3,"70":3,"71":3,"72":3,"73":3,"74":3,"75":3,"76":3,"77":2,"78":2,"79":10,"80":10,"81":10,"82":10,"83":10,"84":3,"85":7,"86":6,"87":6,"88":6,"89":6,"90":6,"91":10,"92":10,"93":10,"94":10,"95":10,"96":10,"97":10,"98":10,"99":10,"100":10,"101":10,"102":1,"103":1,"104":10,"105":4,"106":4,"107":1,"108":1,"109":1,"110":4,"111":4,"112":8,"113":8,"114":1,"115":7,"116":7,"117":1,"118":16,"119":1},"b":{"1":[2,1],"2":[1,1],"3":[1,1],"4":[1,1],"5":[1,1],"6":[13,1],"7":[2,1],"8":[1,1],"9":[13,1],"10":[1,12],"11":[8,1],"12":[6,2],"13":[1,7],"14":[6,1],"15":[4,1],"16":[3,1],"17":[3,0],"18":[2,1],"19":[3,7],"20":[6,1],"21":[1,9],"22":[1,7]},"f":{"1":15,"2":3,"3":2,"4":2,"5":2,"6":14,"7":3,"8":14,"9":9,"10":5,"11":3,"12":2,"13":10,"14":10,"15":10,"16":4,"17":1,"18":4,"19":8,"20":1,"21":16,"22":1},"fnMap":{"1":{"name":"constructor","line":101,"loc":{"start":{"line":95,"column":2},"end":{"line":111,"column":2}}},"2":{"name":"setFeeRecipient","line":121,"loc":{"start":{"line":121,"column":2},"end":{"line":125,"column":2}}},"3":{"name":"setManagementFee","line":131,"loc":{"start":{"line":131,"column":2},"end":{"line":138,"column":2}}},"4":{"name":"setPerformanceFee","line":144,"loc":{"start":{"line":144,"column":2},"end":{"line":150,"column":2}}},"5":{"name":"setCap","line":156,"loc":{"start":{"line":156,"column":2},"end":{"line":163,"column":2}}},"6":{"name":"deposit","line":173,"loc":{"start":{"line":173,"column":2},"end":{"line":180,"column":2}}},"7":{"name":"depositFor","line":188,"loc":{"start":{"line":188,"column":2},"end":{"line":196,"column":2}}},"8":{"name":"_depositFor","line":203,"loc":{"start":{"line":203,"column":2},"end":{"line":240,"column":2}}},"9":{"name":"initiateWithdraw","line":246,"loc":{"start":{"line":246,"column":2},"end":{"line":282,"column":2}}},"10":{"name":"completeWithdraw","line":287,"loc":{"start":{"line":287,"column":2},"end":{"line":315,"column":2}}},"11":{"name":"redeem","line":321,"loc":{"start":{"line":321,"column":2},"end":{"line":324,"column":2}}},"12":{"name":"maxRedeem","line":329,"loc":{"start":{"line":329,"column":2},"end":{"line":331,"column":2}}},"13":{"name":"_redeem","line":338,"loc":{"start":{"line":338,"column":2},"end":{"line":368,"column":2}}},"14":{"name":"_rollToNextRound","line":381,"loc":{"start":{"line":381,"column":2},"end":{"line":408,"column":2}}},"15":{"name":"_collectVaultFees","line":415,"loc":{"start":{"line":415,"column":2},"end":{"line":429,"column":2}}},"16":{"name":"_transferAsset","line":436,"loc":{"start":{"line":436,"column":2},"end":{"line":439,"column":2}}},"17":{"name":"accountVaultBalance","line":450,"loc":{"start":{"line":450,"column":2},"end":{"line":454,"column":2}}},"18":{"name":"shares","line":461,"loc":{"start":{"line":461,"column":2},"end":{"line":464,"column":2}}},"19":{"name":"shareBalances","line":472,"loc":{"start":{"line":472,"column":2},"end":{"line":486,"column":2}}},"20":{"name":"pricePerShare","line":491,"loc":{"start":{"line":491,"column":2},"end":{"line":493,"column":2}}},"21":{"name":"totalBalance","line":499,"loc":{"start":{"line":499,"column":2},"end":{"line":501,"column":2}}},"22":{"name":"decimals","line":506,"loc":{"start":{"line":506,"column":2},"end":{"line":508,"column":2}}}},"statementMap":{"1":{"start":{"line":102,"column":4},"end":{"line":102,"column":31}},"2":{"start":{"line":103,"column":4},"end":{"line":103,"column":85}},"3":{"start":{"line":104,"column":4},"end":{"line":104,"column":31}},"4":{"start":{"line":105,"column":4},"end":{"line":105,"column":29}},"5":{"start":{"line":107,"column":4},"end":{"line":107,"column":74}},"6":{"start":{"line":108,"column":4},"end":{"line":108,"column":40}},"7":{"start":{"line":109,"column":4},"end":{"line":109,"column":54}},"8":{"start":{"line":110,"column":4},"end":{"line":110,"column":23}},"9":{"start":{"line":122,"column":4},"end":{"line":122,"column":61}},"10":{"start":{"line":123,"column":4},"end":{"line":123,"column":71}},"11":{"start":{"line":124,"column":4},"end":{"line":124,"column":33}},"12":{"start":{"line":132,"column":4},"end":{"line":132,"column":83}},"13":{"start":{"line":134,"column":4},"end":{"line":134,"column":58}},"14":{"start":{"line":137,"column":4},"end":{"line":137,"column":79}},"15":{"start":{"line":145,"column":4},"end":{"line":145,"column":85}},"16":{"start":{"line":147,"column":4},"end":{"line":147,"column":61}},"17":{"start":{"line":149,"column":4},"end":{"line":149,"column":37}},"18":{"start":{"line":157,"column":4},"end":{"line":157,"column":33}},"19":{"start":{"line":159,"column":4},"end":{"line":159,"column":52}},"20":{"start":{"line":161,"column":4},"end":{"line":161,"column":34}},"21":{"start":{"line":162,"column":4},"end":{"line":162,"column":36}},"22":{"start":{"line":174,"column":4},"end":{"line":174,"column":33}},"23":{"start":{"line":176,"column":4},"end":{"line":176,"column":34}},"24":{"start":{"line":179,"column":4},"end":{"line":179,"column":80}},"25":{"start":{"line":189,"column":4},"end":{"line":189,"column":33}},"26":{"start":{"line":190,"column":4},"end":{"line":190,"column":47}},"27":{"start":{"line":192,"column":4},"end":{"line":192,"column":32}},"28":{"start":{"line":195,"column":4},"end":{"line":195,"column":80}},"29":{"start":{"line":204,"column":4},"end":{"line":204,"column":40}},"30":{"start":{"line":205,"column":4},"end":{"line":205,"column":62}},"31":{"start":{"line":207,"column":4},"end":{"line":207,"column":69}},"32":{"start":{"line":209,"column":4},"end":{"line":209,"column":48}},"33":{"start":{"line":211,"column":4},"end":{"line":211,"column":74}},"34":{"start":{"line":214,"column":4},"end":{"line":214,"column":8010}},"35":{"start":{"line":220,"column":4},"end":{"line":220,"column":31}},"36":{"start":{"line":223,"column":4},"end":{"line":223,"column":8302}},"37":{"start":{"line":224,"column":6},"end":{"line":224,"column":62}},"38":{"start":{"line":225,"column":6},"end":{"line":225,"column":30}},"39":{"start":{"line":228,"column":4},"end":{"line":228,"column":41}},"40":{"start":{"line":230,"column":4},"end":{"line":230,"column":8500}},"41":{"start":{"line":236,"column":4},"end":{"line":236,"column":68}},"42":{"start":{"line":237,"column":4},"end":{"line":237,"column":43}},"43":{"start":{"line":239,"column":4},"end":{"line":239,"column":53}},"44":{"start":{"line":247,"column":4},"end":{"line":247,"column":39}},"45":{"start":{"line":251,"column":4},"end":{"line":251,"column":9247}},"46":{"start":{"line":252,"column":6},"end":{"line":252,"column":21}},"47":{"start":{"line":256,"column":4},"end":{"line":256,"column":40}},"48":{"start":{"line":257,"column":4},"end":{"line":257,"column":65}},"49":{"start":{"line":259,"column":4},"end":{"line":259,"column":65}},"50":{"start":{"line":261,"column":4},"end":{"line":261,"column":62}},"51":{"start":{"line":263,"column":4},"end":{"line":263,"column":49}},"52":{"start":{"line":265,"column":4},"end":{"line":265,"column":25}},"53":{"start":{"line":266,"column":4},"end":{"line":266,"column":9764}},"54":{"start":{"line":267,"column":6},"end":{"line":267,"column":53}},"55":{"start":{"line":269,"column":6},"end":{"line":269,"column":54}},"56":{"start":{"line":270,"column":6},"end":{"line":270,"column":33}},"57":{"start":{"line":271,"column":6},"end":{"line":271,"column":57}},"58":{"start":{"line":274,"column":4},"end":{"line":274,"column":44}},"59":{"start":{"line":275,"column":4},"end":{"line":275,"column":61}},"60":{"start":{"line":277,"column":4},"end":{"line":277,"column":87}},"61":{"start":{"line":278,"column":4},"end":{"line":278,"column":51}},"62":{"start":{"line":279,"column":4},"end":{"line":279,"column":69}},"63":{"start":{"line":281,"column":4},"end":{"line":281,"column":50}},"64":{"start":{"line":288,"column":4},"end":{"line":288,"column":65}},"65":{"start":{"line":290,"column":4},"end":{"line":290,"column":45}},"66":{"start":{"line":291,"column":4},"end":{"line":291,"column":43}},"67":{"start":{"line":294,"column":4},"end":{"line":294,"column":49}},"68":{"start":{"line":296,"column":4},"end":{"line":296,"column":67}},"69":{"start":{"line":299,"column":4},"end":{"line":299,"column":37}},"70":{"start":{"line":300,"column":4},"end":{"line":300,"column":105}},"71":{"start":{"line":302,"column":4},"end":{"line":302,"column":11137}},"72":{"start":{"line":308,"column":4},"end":{"line":308,"column":63}},"73":{"start":{"line":310,"column":4},"end":{"line":310,"column":41}},"74":{"start":{"line":312,"column":4},"end":{"line":312,"column":49}},"75":{"start":{"line":314,"column":4},"end":{"line":314,"column":45}},"76":{"start":{"line":322,"column":4},"end":{"line":322,"column":39}},"77":{"start":{"line":323,"column":4},"end":{"line":323,"column":28}},"78":{"start":{"line":330,"column":4},"end":{"line":330,"column":19}},"79":{"start":{"line":339,"column":4},"end":{"line":339,"column":76}},"80":{"start":{"line":343,"column":4},"end":{"line":343,"column":40}},"81":{"start":{"line":345,"column":4},"end":{"line":345,"column":12454}},"82":{"start":{"line":351,"column":4},"end":{"line":351,"column":51}},"83":{"start":{"line":352,"column":4},"end":{"line":352,"column":12675}},"84":{"start":{"line":353,"column":6},"end":{"line":353,"column":12}},"85":{"start":{"line":355,"column":4},"end":{"line":355,"column":62}},"86":{"start":{"line":360,"column":4},"end":{"line":360,"column":103}},"87":{"start":{"line":362,"column":4},"end":{"line":362,"column":37}},"88":{"start":{"line":363,"column":4},"end":{"line":363,"column":90}},"89":{"start":{"line":365,"column":4},"end":{"line":365,"column":60}},"90":{"start":{"line":367,"column":4},"end":{"line":367,"column":50}},"91":{"start":{"line":382,"column":4},"end":{"line":382,"column":14043}},"92":{"start":{"line":391,"column":4},"end":{"line":391,"column":40}},"93":{"start":{"line":392,"column":4},"end":{"line":392,"column":54}},"94":{"start":{"line":394,"column":4},"end":{"line":394,"column":14481}},"95":{"start":{"line":399,"column":4},"end":{"line":399,"column":94}},"96":{"start":{"line":402,"column":4},"end":{"line":402,"column":30}},"97":{"start":{"line":403,"column":4},"end":{"line":403,"column":46}},"98":{"start":{"line":405,"column":4},"end":{"line":405,"column":35}},"99":{"start":{"line":407,"column":4},"end":{"line":407,"column":48}},"100":{"start":{"line":416,"column":4},"end":{"line":416,"column":15309}},"101":{"start":{"line":423,"column":4},"end":{"line":423,"column":15480}},"102":{"start":{"line":424,"column":6},"end":{"line":424,"column":52}},"103":{"start":{"line":425,"column":6},"end":{"line":425,"column":92}},"104":{"start":{"line":428,"column":4},"end":{"line":428,"column":19}},"105":{"start":{"line":437,"column":4},"end":{"line":437,"column":37}},"106":{"start":{"line":438,"column":4},"end":{"line":438,"column":48}},"107":{"start":{"line":451,"column":4},"end":{"line":451,"column":41}},"108":{"start":{"line":452,"column":4},"end":{"line":452,"column":115}},"109":{"start":{"line":453,"column":4},"end":{"line":453,"column":77}},"110":{"start":{"line":462,"column":4},"end":{"line":462,"column":67}},"111":{"start":{"line":463,"column":4},"end":{"line":463,"column":41}},"112":{"start":{"line":473,"column":4},"end":{"line":473,"column":73}},"113":{"start":{"line":475,"column":4},"end":{"line":475,"column":17551}},"114":{"start":{"line":476,"column":6},"end":{"line":476,"column":36}},"115":{"start":{"line":479,"column":4},"end":{"line":479,"column":17634}},"116":{"start":{"line":485,"column":4},"end":{"line":485,"column":49}},"117":{"start":{"line":492,"column":4},"end":{"line":492,"column":112}},"118":{"start":{"line":500,"column":4},"end":{"line":500,"column":96}},"119":{"start":{"line":507,"column":4},"end":{"line":507,"column":31}}},"branchMap":{"1":{"line":122,"type":"if","locations":[{"start":{"line":122,"column":4},"end":{"line":122,"column":4}},{"start":{"line":122,"column":4},"end":{"line":122,"column":4}}]},"2":{"line":123,"type":"if","locations":[{"start":{"line":123,"column":4},"end":{"line":123,"column":4}},{"start":{"line":123,"column":4},"end":{"line":123,"column":4}}]},"3":{"line":132,"type":"if","locations":[{"start":{"line":132,"column":4},"end":{"line":132,"column":4}},{"start":{"line":132,"column":4},"end":{"line":132,"column":4}}]},"4":{"line":145,"type":"if","locations":[{"start":{"line":145,"column":4},"end":{"line":145,"column":4}},{"start":{"line":145,"column":4},"end":{"line":145,"column":4}}]},"5":{"line":157,"type":"if","locations":[{"start":{"line":157,"column":4},"end":{"line":157,"column":4}},{"start":{"line":157,"column":4},"end":{"line":157,"column":4}}]},"6":{"line":174,"type":"if","locations":[{"start":{"line":174,"column":4},"end":{"line":174,"column":4}},{"start":{"line":174,"column":4},"end":{"line":174,"column":4}}]},"7":{"line":189,"type":"if","locations":[{"start":{"line":189,"column":4},"end":{"line":189,"column":4}},{"start":{"line":189,"column":4},"end":{"line":189,"column":4}}]},"8":{"line":190,"type":"if","locations":[{"start":{"line":190,"column":4},"end":{"line":190,"column":4}},{"start":{"line":190,"column":4},"end":{"line":190,"column":4}}]},"9":{"line":207,"type":"if","locations":[{"start":{"line":207,"column":4},"end":{"line":207,"column":4}},{"start":{"line":207,"column":4},"end":{"line":207,"column":4}}]},"10":{"line":223,"type":"if","locations":[{"start":{"line":223,"column":4},"end":{"line":223,"column":4}},{"start":{"line":223,"column":4},"end":{"line":223,"column":4}}]},"11":{"line":247,"type":"if","locations":[{"start":{"line":247,"column":4},"end":{"line":247,"column":4}},{"start":{"line":247,"column":4},"end":{"line":247,"column":4}}]},"12":{"line":251,"type":"if","locations":[{"start":{"line":251,"column":4},"end":{"line":251,"column":4}},{"start":{"line":251,"column":4},"end":{"line":251,"column":4}}]},"13":{"line":266,"type":"if","locations":[{"start":{"line":266,"column":4},"end":{"line":266,"column":4}},{"start":{"line":266,"column":4},"end":{"line":266,"column":4}}]},"14":{"line":269,"type":"if","locations":[{"start":{"line":269,"column":6},"end":{"line":269,"column":6}},{"start":{"line":269,"column":6},"end":{"line":269,"column":6}}]},"15":{"line":294,"type":"if","locations":[{"start":{"line":294,"column":4},"end":{"line":294,"column":4}},{"start":{"line":294,"column":4},"end":{"line":294,"column":4}}]},"16":{"line":296,"type":"if","locations":[{"start":{"line":296,"column":4},"end":{"line":296,"column":4}},{"start":{"line":296,"column":4},"end":{"line":296,"column":4}}]},"17":{"line":312,"type":"if","locations":[{"start":{"line":312,"column":4},"end":{"line":312,"column":4}},{"start":{"line":312,"column":4},"end":{"line":312,"column":4}}]},"18":{"line":322,"type":"if","locations":[{"start":{"line":322,"column":4},"end":{"line":322,"column":4}},{"start":{"line":322,"column":4},"end":{"line":322,"column":4}}]},"19":{"line":352,"type":"if","locations":[{"start":{"line":352,"column":4},"end":{"line":352,"column":4}},{"start":{"line":352,"column":4},"end":{"line":352,"column":4}}]},"20":{"line":355,"type":"if","locations":[{"start":{"line":355,"column":4},"end":{"line":355,"column":4}},{"start":{"line":355,"column":4},"end":{"line":355,"column":4}}]},"21":{"line":423,"type":"if","locations":[{"start":{"line":423,"column":4},"end":{"line":423,"column":4}},{"start":{"line":423,"column":4},"end":{"line":423,"column":4}}]},"22":{"line":475,"type":"if","locations":[{"start":{"line":475,"column":4},"end":{"line":475,"column":4}},{"start":{"line":475,"column":4},"end":{"line":475,"column":4}}]}}},
"contracts/core/LyraVault.sol":{"l":{"41":15,"42":15,"48":6,"49":1,"52":6,"53":6,"54":6,"60":39,"62":36,"65":17,"68":17,"74":12,"79":10,"80":10,"81":10,"82":10,"83":10,"84":10,"87":10,"89":8,"95":14,"96":13,"98":12,"100":10,"102":10,"103":10,"104":10,"105":10,"107":10,"113":1},"path":"/Users/web3/Hardhat/lyra-vaults/contracts/core/LyraVault.sol","s":{"1":15,"2":15,"3":6,"4":1,"5":6,"6":6,"7":6,"8":39,"9":36,"10":17,"11":17,"12":12,"13":10,"14":10,"15":10,"16":10,"17":10,"18":10,"19":10,"20":8,"21":14,"22":13,"23":12,"24":10,"25":10,"26":10,"27":10,"28":10,"29":10,"30":1},"b":{"1":[1,5],"2":[36,3],"3":[13,1],"4":[12,1]},"f":{"1":15,"2":6,"3":39,"4":12,"5":10,"6":14,"7":1},"fnMap":{"1":{"name":"constructor","line":40,"loc":{"start":{"line":33,"column":2},"end":{"line":43,"column":2}}},"2":{"name":"setStrategy","line":47,"loc":{"start":{"line":47,"column":2},"end":{"line":55,"column":2}}},"3":{"name":"trade","line":59,"loc":{"start":{"line":59,"column":2},"end":{"line":69,"column":2}}},"4":{"name":"reducePosition","line":73,"loc":{"start":{"line":73,"column":2},"end":{"line":75,"column":2}}},"5":{"name":"closeRound","line":78,"loc":{"start":{"line":78,"column":2},"end":{"line":90,"column":2}}},"6":{"name":"startNextRound","line":94,"loc":{"start":{"line":94,"column":2},"end":{"line":108,"column":2}}},"7":{"name":"setLyraRewardRecipient","line":112,"loc":{"start":{"line":112,"column":2},"end":{"line":114,"column":2}}}},"statementMap":{"1":{"start":{"line":41,"column":4},"end":{"line":41,"column":31}},"2":{"start":{"line":42,"column":4},"end":{"line":42,"column":47}},"3":{"start":{"line":48,"column":4},"end":{"line":48,"column":1607}},"4":{"start":{"line":49,"column":6},"end":{"line":49,"column":50}},"5":{"start":{"line":52,"column":4},"end":{"line":52,"column":34}},"6":{"start":{"line":53,"column":4},"end":{"line":53,"column":53}},"7":{"start":{"line":54,"column":4},"end":{"line":54,"column":35}},"8":{"start":{"line":60,"column":4},"end":{"line":60,"column":54}},"9":{"start":{"line":62,"column":4},"end":{"line":62,"column":111}},"10":{"start":{"line":65,"column":4},"end":{"line":65,"column":74}},"11":{"start":{"line":68,"column":4},"end":{"line":68,"column":68}},"12":{"start":{"line":74,"column":4},"end":{"line":74,"column":72}},"13":{"start":{"line":79,"column":4},"end":{"line":79,"column":48}},"14":{"start":{"line":80,"column":4},"end":{"line":80,"column":43}},"15":{"start":{"line":81,"column":4},"end":{"line":81,"column":34}},"16":{"start":{"line":82,"column":4},"end":{"line":82,"column":30}},"17":{"start":{"line":83,"column":4},"end":{"line":83,"column":75}},"18":{"start":{"line":84,"column":4},"end":{"line":84,"column":37}},"19":{"start":{"line":87,"column":4},"end":{"line":87,"column":40}},"20":{"start":{"line":89,"column":4},"end":{"line":89,"column":50}},"21":{"start":{"line":95,"column":4},"end":{"line":95,"column":55}},"22":{"start":{"line":96,"column":4},"end":{"line":96,"column":70}},"23":{"start":{"line":98,"column":4},"end":{"line":98,"column":29}},"24":{"start":{"line":100,"column":4},"end":{"line":100,"column":102}},"25":{"start":{"line":102,"column":4},"end":{"line":102,"column":51}},"26":{"start":{"line":103,"column":4},"end":{"line":103,"column":46}},"27":{"start":{"line":104,"column":4},"end":{"line":104,"column":36}},"28":{"start":{"line":105,"column":4},"end":{"line":105,"column":59}},"29":{"start":{"line":107,"column":4},"end":{"line":107,"column":63}},"30":{"start":{"line":113,"column":4},"end":{"line":113,"column":34}}},"branchMap":{"1":{"line":48,"type":"if","locations":[{"start":{"line":48,"column":4},"end":{"line":48,"column":4}},{"start":{"line":48,"column":4},"end":{"line":48,"column":4}}]},"2":{"line":60,"type":"if","locations":[{"start":{"line":60,"column":4},"end":{"line":60,"column":4}},{"start":{"line":60,"column":4},"end":{"line":60,"column":4}}]},"3":{"line":95,"type":"if","locations":[{"start":{"line":95,"column":4},"end":{"line":95,"column":4}},{"start":{"line":95,"column":4},"end":{"line":95,"column":4}}]},"4":{"line":96,"type":"if","locations":[{"start":{"line":96,"column":4},"end":{"line":96,"column":4}},{"start":{"line":96,"column":4},"end":{"line":96,"column":4}}]}}},
"contracts/libraries/ShareMath.sol":{"l":{"17":24,"19":23,"29":15,"31":14,"48":30,"49":13,"51":13,"53":17,"62":12,"63":12,"71":30,"75":34},"path":"/Users/web3/Hardhat/lyra-vaults/contracts/libraries/ShareMath.sol","s":{"1":24,"2":23,"3":15,"4":14,"5":30,"6":13,"7":13,"8":17,"9":12,"10":12,"11":30,"12":34},"b":{"1":[23,1],"2":[14,1],"3":[13,17],"4":[29,1],"5":[33,1]},"f":{"1":24,"2":15,"3":30,"4":12,"5":30,"6":34},"fnMap":{"1":{"name":"assetToShares","line":10,"loc":{"start":{"line":10,"column":2},"end":{"line":20,"column":2}}},"2":{"name":"sharesToAsset","line":22,"loc":{"start":{"line":22,"column":2},"end":{"line":32,"column":2}}},"3":{"name":"getSharesFromReceipt","line":42,"loc":{"start":{"line":42,"column":2},"end":{"line":54,"column":2}}},"4":{"name":"pricePerShare","line":56,"loc":{"start":{"line":56,"column":2},"end":{"line":64,"column":2}}},"5":{"name":"assertUint104","line":70,"loc":{"start":{"line":70,"column":2},"end":{"line":72,"column":2}}},"6":{"name":"assertUint128","line":74,"loc":{"start":{"line":74,"column":2},"end":{"line":76,"column":2}}}},"statementMap":{"1":{"start":{"line":17,"column":4},"end":{"line":17,"column":54}},"2":{"start":{"line":19,"column":4},"end":{"line":19,"column":59}},"3":{"start":{"line":29,"column":4},"end":{"line":29,"column":54}},"4":{"start":{"line":31,"column":4},"end":{"line":31,"column":54}},"5":{"start":{"line":48,"column":4},"end":{"line":48,"column":1597}},"6":{"start":{"line":49,"column":6},"end":{"line":49,"column":90}},"7":{"start":{"line":51,"column":6},"end":{"line":51,"column":71}},"8":{"start":{"line":53,"column":4},"end":{"line":53,"column":42}},"9":{"start":{"line":62,"column":4},"end":{"line":62,"column":35}},"10":{"start":{"line":63,"column":4},"end":{"line":63,"column":108}},"11":{"start":{"line":71,"column":4},"end":{"line":71,"column":56}},"12":{"start":{"line":75,"column":4},"end":{"line":75,"column":56}}},"branchMap":{"1":{"line":17,"type":"if","locations":[{"start":{"line":17,"column":4},"end":{"line":17,"column":4}},{"start":{"line":17,"column":4},"end":{"line":17,"column":4}}]},"2":{"line":29,"type":"if","locations":[{"start":{"line":29,"column":4},"end":{"line":29,"column":4}},{"start":{"line":29,"column":4},"end":{"line":29,"column":4}}]},"3":{"line":48,"type":"if","locations":[{"start":{"line":48,"column":4},"end":{"line":48,"column":4}},{"start":{"line":48,"column":4},"end":{"line":48,"column":4}}]},"4":{"line":71,"type":"if","locations":[{"start":{"line":71,"column":4},"end":{"line":71,"column":4}},{"start":{"line":71,"column":4},"end":{"line":71,"column":4}}]},"5":{"line":75,"type":"if","locations":[{"start":{"line":75,"column":4},"end":{"line":75,"column":4}},{"start":{"line":75,"column":4},"end":{"line":75,"column":4}}]}}},
"contracts/libraries/Vault.sol":{"l":{},"path":"/Users/web3/Hardhat/lyra-vaults/contracts/libraries/Vault.sol","s":{},"b":{},"f":{},"fnMap":{},"statementMap":{},"branchMap":{}},
"contracts/libraries/VaultLifecycle.sol":{"l":{"49":10,"51":10,"56":10,"58":10,"60":10,"62":10,"89":10,"91":10,"93":10,"94":10,"95":10,"104":10,"105":4,"108":4,"112":4,"115":10},"path":"/Users/web3/Hardhat/lyra-vaults/contracts/libraries/VaultLifecycle.sol","s":{"1":10,"2":10,"3":10,"4":10,"5":10,"6":10,"7":10,"8":10,"9":10,"10":10,"11":10,"12":10,"13":4,"14":4,"15":4,"16":10},"b":{"1":[4,6]},"f":{"1":10,"2":10},"fnMap":{"1":{"name":"rollover","line":33,"loc":{"start":{"line":33,"column":2},"end":{"line":63,"column":2}}},"2":{"name":"getVaultFees","line":75,"loc":{"start":{"line":75,"column":2},"end":{"line":116,"column":2}}}},"statementMap":{"1":{"start":{"line":49,"column":4},"end":{"line":49,"column":64}},"2":{"start":{"line":51,"column":4},"end":{"line":51,"column":106}},"3":{"start":{"line":56,"column":4},"end":{"line":56,"column":89}},"4":{"start":{"line":58,"column":4},"end":{"line":58,"column":56}},"5":{"start":{"line":60,"column":4},"end":{"line":60,"column":119}},"6":{"start":{"line":62,"column":4},"end":{"line":62,"column":94}},"7":{"start":{"line":89,"column":4},"end":{"line":89,"column":55}},"8":{"start":{"line":91,"column":4},"end":{"line":91,"column":85}},"9":{"start":{"line":93,"column":4},"end":{"line":93,"column":31}},"10":{"start":{"line":94,"column":4},"end":{"line":94,"column":30}},"11":{"start":{"line":95,"column":4},"end":{"line":95,"column":18}},"12":{"start":{"line":104,"column":4},"end":{"line":104,"column":3888}},"13":{"start":{"line":105,"column":6},"end":{"line":105,"column":3951}},"14":{"start":{"line":108,"column":6},"end":{"line":108,"column":4137}},"15":{"start":{"line":112,"column":6},"end":{"line":112,"column":66}},"16":{"start":{"line":115,"column":4},"end":{"line":115,"column":69}}},"branchMap":{"1":{"line":104,"type":"if","locations":[{"start":{"line":104,"column":4},"end":{"line":104,"column":4}},{"start":{"line":104,"column":4},"end":{"line":104,"column":4}}]}}},
"contracts/strategies/DeltaLongStrategy.sol":{"l":{"60":2,"61":2,"62":1,"70":3,"71":3,"72":2,"80":2,"83":2,"105":11,"109":10,"111":10,"112":10,"115":5,"117":5,"122":5,"123":4,"134":1,"151":5,"164":4,"167":4,"169":4,"171":4,"179":10,"180":1,"183":9,"184":9,"185":9,"186":9,"187":9,"188":9,"195":10,"196":10,"198":10,"200":10,"207":3,"208":2},"path":"/Users/web3/Hardhat/lyra-vaults/contracts/strategies/DeltaLongStrategy.sol","s":{"1":2,"2":2,"3":1,"4":3,"5":3,"6":2,"7":2,"8":2,"9":11,"10":10,"11":10,"12":10,"13":5,"14":5,"15":5,"16":4,"17":1,"18":5,"19":4,"20":4,"21":4,"22":4,"23":10,"24":1,"25":9,"26":9,"27":9,"28":9,"29":9,"30":9,"31":10,"32":10,"33":10,"34":10,"35":3,"36":2},"b":{"1":[1,1],"2":[2,1],"3":[10,1],"4":[10,0],"5":[5,5],"6":[5,0],"7":[4,0],"8":[1,9]},"f":{"1":3,"2":2,"3":3,"4":2,"5":11,"6":1,"7":5,"8":10,"9":10,"10":3},"fnMap":{"1":{"name":"constructor","line":54,"loc":{"start":{"line":50,"column":2},"end":{"line":54,"column":52}}},"2":{"name":"setStrategyDetail","line":59,"loc":{"start":{"line":59,"column":2},"end":{"line":63,"column":2}}},"3":{"name":"setBoard","line":69,"loc":{"start":{"line":69,"column":2},"end":{"line":73,"column":2}}},"4":{"name":"returnFundsAndClearStrikes","line":78,"loc":{"start":{"line":78,"column":2},"end":{"line":84,"column":2}}},"5":{"name":"doTrade","line":97,"loc":{"start":{"line":95,"column":2},"end":{"line":124,"column":2}}},"6":{"name":"reducePosition","line":129,"loc":{"start":{"line":129,"column":2},"end":{"line":135,"column":2}}},"7":{"name":"_buyStrike","line":145,"loc":{"start":{"line":145,"column":2},"end":{"line":172,"column":2}}},"8":{"name":"isValidStrike","line":178,"loc":{"start":{"line":178,"column":2},"end":{"line":189,"column":2}}},"9":{"name":"_isValidVolVariance","line":194,"loc":{"start":{"line":194,"column":2},"end":{"line":201,"column":2}}},"10":{"name":"_isValidExpiry","line":206,"loc":{"start":{"line":206,"column":2},"end":{"line":209,"column":2}}}},"statementMap":{"1":{"start":{"line":60,"column":4},"end":{"line":60,"column":61}},"2":{"start":{"line":61,"column":4},"end":{"line":61,"column":73}},"3":{"start":{"line":62,"column":4},"end":{"line":62,"column":34}},"4":{"start":{"line":70,"column":4},"end":{"line":70,"column":42}},"5":{"start":{"line":71,"column":4},"end":{"line":71,"column":57}},"6":{"start":{"line":72,"column":4},"end":{"line":72,"column":30}},"7":{"start":{"line":80,"column":4},"end":{"line":80,"column":23}},"8":{"start":{"line":83,"column":4},"end":{"line":83,"column":27}},"9":{"start":{"line":105,"column":4},"end":{"line":105,"column":3194}},"10":{"start":{"line":109,"column":4},"end":{"line":109,"column":66}},"11":{"start":{"line":111,"column":4},"end":{"line":111,"column":62}},"12":{"start":{"line":112,"column":4},"end":{"line":112,"column":51}},"13":{"start":{"line":115,"column":4},"end":{"line":115,"column":90}},"14":{"start":{"line":117,"column":4},"end":{"line":117,"column":3656}},"15":{"start":{"line":122,"column":4},"end":{"line":122,"column":83}},"16":{"start":{"line":123,"column":4},"end":{"line":123,"column":29}},"17":{"start":{"line":134,"column":4},"end":{"line":134,"column":26}},"18":{"start":{"line":151,"column":4},"end":{"line":151,"column":4541}},"19":{"start":{"line":164,"column":4},"end":{"line":164,"column":47}},"20":{"start":{"line":167,"column":4},"end":{"line":167,"column":49}},"21":{"start":{"line":169,"column":4},"end":{"line":169,"column":62}},"22":{"start":{"line":171,"column":4},"end":{"line":171,"column":48}},"23":{"start":{"line":179,"column":4},"end":{"line":179,"column":5509}},"24":{"start":{"line":180,"column":6},"end":{"line":180,"column":18}},"25":{"start":{"line":183,"column":4},"end":{"line":183,"column":50}},"26":{"start":{"line":184,"column":4},"end":{"line":184,"column":35}},"27":{"start":{"line":185,"column":4},"end":{"line":185,"column":42}},"28":{"start":{"line":186,"column":4},"end":{"line":186,"column":74}},"29":{"start":{"line":187,"column":4},"end":{"line":187,"column":60}},"30":{"start":{"line":188,"column":4},"end":{"line":188,"column":112}},"31":{"start":{"line":195,"column":4},"end":{"line":195,"column":74}},"32":{"start":{"line":196,"column":4},"end":{"line":196,"column":51}},"33":{"start":{"line":198,"column":4},"end":{"line":198,"column":79}},"34":{"start":{"line":200,"column":4},"end":{"line":200,"column":60}},"35":{"start":{"line":207,"column":4},"end":{"line":207,"column":54}},"36":{"start":{"line":208,"column":4},"end":{"line":208,"column":117}}},"branchMap":{"1":{"line":61,"type":"if","locations":[{"start":{"line":61,"column":4},"end":{"line":61,"column":4}},{"start":{"line":61,"column":4},"end":{"line":61,"column":4}}]},"2":{"line":71,"type":"if","locations":[{"start":{"line":71,"column":4},"end":{"line":71,"column":4}},{"start":{"line":71,"column":4},"end":{"line":71,"column":4}}]},"3":{"line":105,"type":"if","locations":[{"start":{"line":105,"column":4},"end":{"line":105,"column":4}},{"start":{"line":105,"column":4},"end":{"line":105,"column":4}}]},"4":{"line":109,"type":"if","locations":[{"start":{"line":109,"column":4},"end":{"line":109,"column":4}},{"start":{"line":109,"column":4},"end":{"line":109,"column":4}}]},"5":{"line":112,"type":"if","locations":[{"start":{"line":112,"column":4},"end":{"line":112,"column":4}},{"start":{"line":112,"column":4},"end":{"line":112,"column":4}}]},"6":{"line":117,"type":"if","locations":[{"start":{"line":117,"column":4},"end":{"line":117,"column":4}},{"start":{"line":117,"column":4},"end":{"line":117,"column":4}}]},"7":{"line":169,"type":"if","locations":[{"start":{"line":169,"column":4},"end":{"line":169,"column":4}},{"start":{"line":169,"column":4},"end":{"line":169,"column":4}}]},"8":{"line":179,"type":"if","locations":[{"start":{"line":179,"column":4},"end":{"line":179,"column":4}},{"start":{"line":179,"column":4},"end":{"line":179,"column":4}}]}}},
"contracts/strategies/DeltaShortStrategy.sol":{"l":{"62":3,"63":3,"64":2,"76":5,"77":5,"78":4,"86":4,"89":4,"110":24,"114":22,"116":22,"117":22,"119":14,"120":14,"122":14,"127":14,"141":17,"142":17,"145":17,"146":17,"147":17,"148":2,"149":2,"150":2,"154":17,"163":17,"167":17,"170":17,"187":14,"189":14,"202":12,"205":12,"207":12,"209":12,"220":11,"221":11,"222":11,"225":11,"231":6,"232":6,"244":6,"245":6,"246":4,"249":2,"252":6,"255":6,"256":3,"257":3,"260":3,"272":22,"273":22,"275":22,"286":56,"298":39,"299":39,"301":39,"303":39,"315":22,"316":1,"319":21,"320":21,"321":21,"322":21,"323":21,"324":21,"331":22,"332":22,"334":22,"336":22,"343":5,"344":4},"path":"/Users/web3/Hardhat/lyra-vaults/contracts/strategies/DeltaShortStrategy.sol","s":{"1":3,"2":3,"3":2,"4":5,"5":5,"6":4,"7":4,"8":4,"9":24,"10":22,"11":22,"12":22,"13":14,"14":14,"15":14,"16":14,"17":17,"18":17,"19":17,"20":17,"21":17,"22":2,"23":2,"24":2,"25":17,"26":17,"27":17,"28":17,"29":14,"30":14,"31":12,"32":12,"33":12,"34":12,"35":11,"36":11,"37":11,"38":11,"39":6,"40":6,"41":6,"42":6,"43":4,"44":2,"45":6,"46":6,"47":3,"48":3,"49":3,"50":22,"51":22,"52":22,"53":56,"54":39,"55":39,"56":39,"57":39,"58":22,"59":1,"60":21,"61":21,"62":21,"63":21,"64":21,"65":21,"66":22,"67":22,"68":22,"69":22,"70":5,"71":4},"b":{"1":[2,1],"2":[4,1],"3":[22,2],"4":[22,0],"5":[14,8],"6":[14,0],"7":[2,15],"8":[12,0],"9":[11,0],"10":[6,5],"11":[4,2],"12":[6,0],"13":[3,3],"14":[1,21]},"f":{"1":6,"2":3,"3":5,"4":4,"5":24,"6":17,"7":14,"8":11,"9":22,"10":56,"11":39,"12":22,"13":22,"14":5},"fnMap":{"1":{"name":"constructor","line":56,"loc":{"start":{"line":52,"column":2},"end":{"line":56,"column":52}}},"2":{"name":"setStrategyDetail","line":61,"loc":{"start":{"line":61,"column":2},"end":{"line":65,"column":2}}},"3":{"name":"setBoard","line":75,"loc":{"start":{"line":75,"column":2},"end":{"line":79,"column":2}}},"4":{"name":"returnFundsAndClearStrikes","line":84,"loc":{"start":{"line":84,"column":2},"end":{"line":90,"column":2}}},"5":{"name":"doTrade","line":102,"loc":{"start":{"line":100,"column":2},"end":{"line":128,"column":2}}},"6":{"name":"getRequiredCollateral","line":136,"loc":{"start":{"line":136,"column":2},"end":{"line":171,"column":2}}},"7":{"name":"_sellStrike","line":181,"loc":{"start":{"line":181,"column":2},"end":{"line":210,"column":2}}},"8":{"name":"reducePosition","line":219,"loc":{"start":{"line":215,"column":2},"end":{"line":262,"column":2}}},"9":{"name":"getAllowedCloseAmount","line":267,"loc":{"start":{"line":267,"column":2},"end":{"line":278,"column":2}}},"10":{"name":"_getFullCollateral","line":284,"loc":{"start":{"line":284,"column":2},"end":{"line":287,"column":2}}},"11":{"name":"_getBufferCollateral","line":292,"loc":{"start":{"line":292,"column":2},"end":{"line":304,"column":2}}},"12":{"name":"isValidStrike","line":314,"loc":{"start":{"line":314,"column":2},"end":{"line":325,"column":2}}},"13":{"name":"_isValidVolVariance","line":330,"loc":{"start":{"line":330,"column":2},"end":{"line":337,"column":2}}},"14":{"name":"_isValidExpiry","line":342,"loc":{"start":{"line":342,"column":2},"end":{"line":345,"column":2}}}},"statementMap":{"1":{"start":{"line":62,"column":4},"end":{"line":62,"column":61}},"2":{"start":{"line":63,"column":4},"end":{"line":63,"column":73}},"3":{"start":{"line":64,"column":4},"end":{"line":64,"column":34}},"4":{"start":{"line":76,"column":4},"end":{"line":76,"column":42}},"5":{"start":{"line":77,"column":4},"end":{"line":77,"column":57}},"6":{"start":{"line":78,"column":4},"end":{"line":78,"column":30}},"7":{"start":{"line":86,"column":4},"end":{"line":86,"column":23}},"8":{"start":{"line":89,"column":4},"end":{"line":89,"column":27}},"9":{"start":{"line":110,"column":4},"end":{"line":110,"column":3367}},"10":{"start":{"line":114,"column":4},"end":{"line":114,"column":66}},"11":{"start":{"line":116,"column":4},"end":{"line":116,"column":62}},"12":{"start":{"line":117,"column":4},"end":{"line":117,"column":51}},"13":{"start":{"line":119,"column":4},"end":{"line":119,"column":24}},"14":{"start":{"line":120,"column":4},"end":{"line":120,"column":69}},"15":{"start":{"line":122,"column":4},"end":{"line":122,"column":3801}},"16":{"start":{"line":127,"column":4},"end":{"line":127,"column":92}},"17":{"start":{"line":141,"column":4},"end":{"line":141,"column":41}},"18":{"start":{"line":142,"column":4},"end":{"line":142,"column":66}},"19":{"start":{"line":145,"column":4},"end":{"line":145,"column":27}},"20":{"start":{"line":146,"column":4},"end":{"line":146,"column":31}},"21":{"start":{"line":147,"column":4},"end":{"line":147,"column":4677}},"22":{"start":{"line":148,"column":6},"end":{"line":148,"column":97}},"23":{"start":{"line":149,"column":6},"end":{"line":149,"column":45}},"24":{"start":{"line":150,"column":6},"end":{"line":150,"column":37}},"25":{"start":{"line":154,"column":4},"end":{"line":154,"column":4961}},"26":{"start":{"line":163,"column":4},"end":{"line":163,"column":5354}},"27":{"start":{"line":167,"column":4},"end":{"line":167,"column":86}},"28":{"start":{"line":170,"column":4},"end":{"line":170,"column":57}},"29":{"start":{"line":187,"column":4},"end":{"line":187,"column":98}},"30":{"start":{"line":189,"column":4},"end":{"line":189,"column":6260}},"31":{"start":{"line":202,"column":4},"end":{"line":202,"column":50}},"32":{"start":{"line":205,"column":4},"end":{"line":205,"column":49}},"33":{"start":{"line":207,"column":4},"end":{"line":207,"column":100}},"34":{"start":{"line":209,"column":4},"end":{"line":209,"column":48}},"35":{"start":{"line":220,"column":4},"end":{"line":220,"column":76}},"36":{"start":{"line":221,"column":4},"end":{"line":221,"column":71}},"37":{"start":{"line":222,"column":4},"end":{"line":222,"column":85}},"38":{"start":{"line":225,"column":4},"end":{"line":225,"column":7565}},"39":{"start":{"line":231,"column":4},"end":{"line":231,"column":98}},"40":{"start":{"line":232,"column":4},"end":{"line":232,"column":7872}},"41":{"start":{"line":244,"column":4},"end":{"line":244,"column":29}},"42":{"start":{"line":245,"column":4},"end":{"line":245,"column":8353}},"43":{"start":{"line":246,"column":6},"end":{"line":246,"column":40}},"44":{"start":{"line":249,"column":6},"end":{"line":249,"column":45}},"45":{"start":{"line":252,"column":4},"end":{"line":252,"column":96}},"46":{"start":{"line":255,"column":4},"end":{"line":255,"column":8707}},"47":{"start":{"line":256,"column":6},"end":{"line":256,"column":58}},"48":{"start":{"line":257,"column":6},"end":{"line":257,"column":51}},"49":{"start":{"line":260,"column":6},"end":{"line":260,"column":53}},"50":{"start":{"line":272,"column":4},"end":{"line":272,"column":66}},"51":{"start":{"line":273,"column":4},"end":{"line":273,"column":109}},"52":{"start":{"line":275,"column":4},"end":{"line":275,"column":9395}},"53":{"start":{"line":286,"column":4},"end":{"line":286,"column":78}},"54":{"start":{"line":298,"column":4},"end":{"line":298,"column":89}},"55":{"start":{"line":299,"column":4},"end":{"line":299,"column":85}},"56":{"start":{"line":301,"column":4},"end":{"line":301,"column":61}},"57":{"start":{"line":303,"column":4},"end":{"line":303,"column":48}},"58":{"start":{"line":315,"column":4},"end":{"line":315,"column":10814}},"59":{"start":{"line":316,"column":6},"end":{"line":316,"column":18}},"60":{"start":{"line":319,"column":4},"end":{"line":319,"column":50}},"61":{"start":{"line":320,"column":4},"end":{"line":320,"column":35}},"62":{"start":{"line":321,"column":4},"end":{"line":321,"column":42}},"63":{"start":{"line":322,"column":4},"end":{"line":322,"column":74}},"64":{"start":{"line":323,"column":4},"end":{"line":323,"column":60}},"65":{"start":{"line":324,"column":4},"end":{"line":324,"column":112}},"66":{"start":{"line":331,"column":4},"end":{"line":331,"column":74}},"67":{"start":{"line":332,"column":4},"end":{"line":332,"column":51}},"68":{"start":{"line":334,"column":4},"end":{"line":334,"column":79}},"69":{"start":{"line":336,"column":4},"end":{"line":336,"column":60}},"70":{"start":{"line":343,"column":4},"end":{"line":343,"column":54}},"71":{"start":{"line":344,"column":4},"end":{"line":344,"column":117}}},"branchMap":{"1":{"line":63,"type":"if","locations":[{"start":{"line":63,"column":4},"end":{"line":63,"column":4}},{"start":{"line":63,"column":4},"end":{"line":63,"column":4}}]},"2":{"line":77,"type":"if","locations":[{"start":{"line":77,"column":4},"end":{"line":77,"column":4}},{"start":{"line":77,"column":4},"end":{"line":77,"column":4}}]},"3":{"line":110,"type":"if","locations":[{"start":{"line":110,"column":4},"end":{"line":110,"column":4}},{"start":{"line":110,"column":4},"end":{"line":110,"column":4}}]},"4":{"line":114,"type":"if","locations":[{"start":{"line":114,"column":4},"end":{"line":114,"column":4}},{"start":{"line":114,"column":4},"end":{"line":114,"column":4}}]},"5":{"line":117,"type":"if","locations":[{"start":{"line":117,"column":4},"end":{"line":117,"column":4}},{"start":{"line":117,"column":4},"end":{"line":117,"column":4}}]},"6":{"line":122,"type":"if","locations":[{"start":{"line":122,"column":4},"end":{"line":122,"column":4}},{"start":{"line":122,"column":4},"end":{"line":122,"column":4}}]},"7":{"line":147,"type":"if","locations":[{"start":{"line":147,"column":4},"end":{"line":147,"column":4}},{"start":{"line":147,"column":4},"end":{"line":147,"column":4}}]},"8":{"line":207,"type":"if","locations":[{"start":{"line":207,"column":4},"end":{"line":207,"column":4}},{"start":{"line":207,"column":4},"end":{"line":207,"column":4}}]},"9":{"line":222,"type":"if","locations":[{"start":{"line":222,"column":4},"end":{"line":222,"column":4}},{"start":{"line":222,"column":4},"end":{"line":222,"column":4}}]},"10":{"line":225,"type":"if","locations":[{"start":{"line":225,"column":4},"end":{"line":225,"column":4}},{"start":{"line":225,"column":4},"end":{"line":225,"column":4}}]},"11":{"line":245,"type":"if","locations":[{"start":{"line":245,"column":4},"end":{"line":245,"column":4}},{"start":{"line":245,"column":4},"end":{"line":245,"column":4}}]},"12":{"line":252,"type":"if","locations":[{"start":{"line":252,"column":4},"end":{"line":252,"column":4}},{"start":{"line":252,"column":4},"end":{"line":252,"column":4}}]},"13":{"line":255,"type":"if","locations":[{"start":{"line":255,"column":4},"end":{"line":255,"column":4}},{"start":{"line":255,"column":4},"end":{"line":255,"column":4}}]},"14":{"line":315,"type":"if","locations":[{"start":{"line":315,"column":4},"end":{"line":315,"column":4}},{"start":{"line":315,"column":4},"end":{"line":315,"column":4}}]}}},
"contracts/strategies/StrategyBase.sol":{"l":{"40":62,"41":60,"49":9,"50":9,"51":9,"68":3,"82":3,"83":3,"84":3,"96":6,"97":6,"99":6,"101":3,"102":3,"105":3,"106":3,"109":3,"127":25,"128":25,"135":25,"142":6,"143":6,"144":6,"155":16,"156":14,"157":14,"165":4,"173":6,"174":6,"175":9,"176":9,"178":9,"179":7,"180":7,"182":4,"187":33,"195":71,"199":55,"203":33,"204":31,"208":30,"212":39,"216":34,"221":133,"222":133},"path":"/Users/web3/Hardhat/lyra-vaults/contracts/strategies/StrategyBase.sol","s":{"1":62,"2":9,"3":9,"4":9,"5":3,"6":3,"7":3,"8":3,"9":6,"10":6,"11":6,"12":3,"13":3,"14":3,"15":3,"16":3,"17":25,"18":25,"19":25,"20":6,"21":6,"22":6,"23":16,"24":14,"25":14,"26":4,"27":6,"28":6,"29":9,"30":9,"31":9,"32":33,"33":71,"34":55,"35":33,"36":31,"37":30,"38":39,"39":34,"40":133,"41":133},"b":{"1":[60,2],"2":[3,3],"3":[3,0],"4":[3,0],"5":[14,2],"6":[6,0],"7":[7,2],"8":[31,2]},"f":{"1":62,"2":9,"3":3,"4":6,"5":25,"6":6,"7":16,"8":4,"9":6,"10":33,"11":71,"12":55,"13":33,"14":30,"15":39,"16":34,"17":133},"fnMap":{"1":{"name":"onlyVault","line":39,"loc":{"start":{"line":39,"column":2},"end":{"line":42,"column":2}}},"2":{"name":"constructor","line":48,"loc":{"start":{"line":44,"column":2},"end":{"line":52,"column":2}}},"3":{"name":"initAdapter","line":66,"loc":{"start":{"line":54,"column":2},"end":{"line":85,"column":2}}},"4":{"name":"_returnFundsToVaut","line":95,"loc":{"start":{"line":95,"column":2},"end":{"line":111,"column":2}}},"5":{"name":"_getPremiumLimit","line":122,"loc":{"start":{"line":122,"column":2},"end":{"line":136,"column":2}}},"6":{"name":"_isOutsideDeltaCutoff","line":141,"loc":{"start":{"line":141,"column":2},"end":{"line":145,"column":2}}},"7":{"name":"_addActiveStrike","line":154,"loc":{"start":{"line":154,"column":2},"end":{"line":159,"column":2}}},"8":{"name":"_setLastTradedAt","line":164,"loc":{"start":{"line":164,"column":2},"end":{"line":166,"column":2}}},"9":{"name":"_clearAllActiveStrikes","line":172,"loc":{"start":{"line":172,"column":2},"end":{"line":184,"column":2}}},"10":{"name":"_isActiveStrike","line":186,"loc":{"start":{"line":186,"column":2},"end":{"line":188,"column":2}}},"11":{"name":"_isBaseCollat","line":194,"loc":{"start":{"line":194,"column":2},"end":{"line":196,"column":2}}},"12":{"name":"_isCall","line":198,"loc":{"start":{"line":198,"column":2},"end":{"line":200,"column":2}}},"13":{"name":"_getSecondsToExpiry","line":202,"loc":{"start":{"line":202,"column":2},"end":{"line":205,"column":2}}},"14":{"name":"_abs","line":207,"loc":{"start":{"line":207,"column":2},"end":{"line":209,"column":2}}},"15":{"name":"_min","line":211,"loc":{"start":{"line":211,"column":2},"end":{"line":213,"column":2}}},"16":{"name":"_max","line":215,"loc":{"start":{"line":215,"column":2},"end":{"line":217,"column":2}}},"17":{"name":"_toDynamic","line":220,"loc":{"start":{"line":220,"column":2},"end":{"line":223,"column":2}}}},"statementMap":{"1":{"start":{"line":40,"column":4},"end":{"line":40,"column":54}},"2":{"start":{"line":49,"column":4},"end":{"line":49,"column":17}},"3":{"start":{"line":50,"column":4},"end":{"line":50,"column":27}},"4":{"start":{"line":51,"column":4},"end":{"line":51,"column":27}},"5":{"start":{"line":68,"column":4},"end":{"line":68,"column":1900}},"6":{"start":{"line":82,"column":4},"end":{"line":82,"column":53}},"7":{"start":{"line":83,"column":4},"end":{"line":83,"column":52}},"8":{"start":{"line":84,"column":4},"end":{"line":84,"column":61}},"9":{"start":{"line":96,"column":4},"end":{"line":96,"column":66}},"10":{"start":{"line":97,"column":4},"end":{"line":97,"column":55}},"11":{"start":{"line":99,"column":4},"end":{"line":99,"column":2751}},"12":{"start":{"line":101,"column":6},"end":{"line":101,"column":55}},"13":{"start":{"line":102,"column":6},"end":{"line":102,"column":2919}},"14":{"start":{"line":105,"column":6},"end":{"line":105,"column":76}},"15":{"start":{"line":106,"column":6},"end":{"line":106,"column":112}},"16":{"start":{"line":109,"column":6},"end":{"line":109,"column":99}},"17":{"start":{"line":127,"column":4},"end":{"line":127,"column":66}},"18":{"start":{"line":128,"column":4},"end":{"line":128,"column":3901}},"19":{"start":{"line":135,"column":4},"end":{"line":135,"column":98}},"20":{"start":{"line":142,"column":4},"end":{"line":142,"column":56}},"21":{"start":{"line":143,"column":4},"end":{"line":143,"column":54}},"22":{"start":{"line":144,"column":4},"end":{"line":144,"column":113}},"23":{"start":{"line":155,"column":4},"end":{"line":155,"column":4842}},"24":{"start":{"line":156,"column":6},"end":{"line":156,"column":52}},"25":{"start":{"line":157,"column":6},"end":{"line":157,"column":35}},"26":{"start":{"line":165,"column":4},"end":{"line":165,"column":43}},"27":{"start":{"line":173,"column":4},"end":{"line":173,"column":5367}},"28":{"start":{"line":174,"column":6},"end":{"line":174,"column":5410}},"29":{"start":{"line":175,"column":8},"end":{"line":175,"column":42}},"30":{"start":{"line":176,"column":8},"end":{"line":176,"column":98}},"31":{"start":{"line":178,"column":8},"end":{"line":178,"column":86}},"32":{"start":{"line":187,"column":4},"end":{"line":187,"column":47}},"33":{"start":{"line":195,"column":4},"end":{"line":195,"column":69}},"34":{"start":{"line":199,"column":4},"end":{"line":199,"column":106}},"35":{"start":{"line":203,"column":4},"end":{"line":203,"column":58}},"36":{"start":{"line":204,"column":4},"end":{"line":204,"column":35}},"37":{"start":{"line":208,"column":4},"end":{"line":208,"column":44}},"38":{"start":{"line":212,"column":4},"end":{"line":212,"column":26}},"39":{"start":{"line":216,"column":4},"end":{"line":216,"column":26}},"40":{"start":{"line":221,"column":4},"end":{"line":221,"column":31}},"41":{"start":{"line":222,"column":4},"end":{"line":222,"column":24}}},"branchMap":{"1":{"line":40,"type":"if","locations":[{"start":{"line":40,"column":4},"end":{"line":40,"column":4}},{"start":{"line":40,"column":4},"end":{"line":40,"column":4}}]},"2":{"line":99,"type":"if","locations":[{"start":{"line":99,"column":4},"end":{"line":99,"column":4}},{"start":{"line":99,"column":4},"end":{"line":99,"column":4}}]},"3":{"line":106,"type":"if","locations":[{"start":{"line":106,"column":6},"end":{"line":106,"column":6}},{"start":{"line":106,"column":6},"end":{"line":106,"column":6}}]},"4":{"line":109,"type":"if","locations":[{"start":{"line":109,"column":6},"end":{"line":109,"column":6}},{"start":{"line":109,"column":6},"end":{"line":109,"column":6}}]},"5":{"line":155,"type":"if","locations":[{"start":{"line":155,"column":4},"end":{"line":155,"column":4}},{"start":{"line":155,"column":4},"end":{"line":155,"column":4}}]},"6":{"line":173,"type":"if","locations":[{"start":{"line":173,"column":4},"end":{"line":173,"column":4}},{"start":{"line":173,"column":4},"end":{"line":173,"column":4}}]},"7":{"line":178,"type":"if","locations":[{"start":{"line":178,"column":8},"end":{"line":178,"column":8}},{"start":{"line":178,"column":8},"end":{"line":178,"column":8}}]},"8":{"line":203,"type":"if","locations":[{"start":{"line":203,"column":4},"end":{"line":203,"column":4}},{"start":{"line":203,"column":4},"end":{"line":203,"column":4}}]}}}}
