TN:
SF:/Users/web3/Hardhat/lyra-vaults/contracts/core/BaseVault.sol
FN:101,constructor
FN:121,setFeeRecipient
FN:131,setManagementFee
FN:144,setPerformanceFee
FN:156,setCap
FN:173,deposit
FN:188,depositFor
FN:203,_depositFor
FN:246,initiateWithdraw
FN:287,completeWithdraw
FN:321,redeem
FN:329,maxRedeem
FN:338,_redeem
FN:381,_rollToNextRound
FN:415,_collectVaultFees
FN:436,_transferAsset
FN:450,accountVaultBalance
FN:461,shares
FN:472,shareBalances
FN:491,pricePerShare
FN:499,totalBalance
FN:506,decimals
FNF:22
FNH:22
FNDA:15,constructor
FNDA:3,setFeeRecipient
FNDA:2,setManagementFee
FNDA:2,setPerformanceFee
FNDA:2,setCap
FNDA:14,deposit
FNDA:3,depositFor
FNDA:14,_depositFor
FNDA:9,initiateWithdraw
FNDA:5,completeWithdraw
FNDA:3,redeem
FNDA:2,maxRedeem
FNDA:10,_redeem
FNDA:10,_rollToNextRound
FNDA:10,_collectVaultFees
FNDA:4,_transferAsset
FNDA:1,accountVaultBalance
FNDA:4,shares
FNDA:8,shareBalances
FNDA:1,pricePerShare
FNDA:16,totalBalance
FNDA:1,decimals
DA:102,15
DA:103,15
DA:104,15
DA:105,15
DA:107,15
DA:108,15
DA:109,15
DA:110,15
DA:122,3
DA:123,2
DA:124,1
DA:132,2
DA:134,1
DA:137,1
DA:145,2
DA:147,1
DA:149,1
DA:157,2
DA:159,1
DA:161,1
DA:162,1
DA:174,14
DA:176,13
DA:179,12
DA:189,3
DA:190,2
DA:192,1
DA:195,1
DA:204,14
DA:205,14
DA:207,14
DA:209,13
DA:211,13
DA:214,13
DA:220,13
DA:223,13
DA:224,1
DA:225,1
DA:228,13
DA:230,13
DA:236,13
DA:237,13
DA:239,13
DA:247,9
DA:251,8
DA:252,6
DA:256,8
DA:257,8
DA:259,8
DA:261,8
DA:263,8
DA:265,8
DA:266,8
DA:267,1
DA:269,7
DA:270,6
DA:271,6
DA:274,7
DA:275,7
DA:277,7
DA:278,7
DA:279,7
DA:281,7
DA:288,5
DA:290,5
DA:291,5
DA:294,5
DA:296,4
DA:299,3
DA:300,3
DA:302,3
DA:308,3
DA:310,3
DA:312,3
DA:314,3
DA:322,3
DA:323,2
DA:330,2
DA:339,10
DA:343,10
DA:345,10
DA:351,10
DA:352,10
DA:353,3
DA:355,7
DA:360,6
DA:362,6
DA:363,6
DA:365,6
DA:367,6
DA:382,10
DA:391,10
DA:392,10
DA:394,10
DA:399,10
DA:402,10
DA:403,10
DA:405,10
DA:407,10
DA:416,10
DA:423,10
DA:424,1
DA:425,1
DA:428,10
DA:437,4
DA:438,4
DA:451,1
DA:452,1
DA:453,1
DA:462,4
DA:463,4
DA:473,8
DA:475,8
DA:476,1
DA:479,7
DA:485,7
DA:492,1
DA:500,16
DA:507,1
LF:119
LH:119
BRDA:122,1,0,2
BRDA:122,1,1,1
BRDA:123,2,0,1
BRDA:123,2,1,1
BRDA:132,3,0,1
BRDA:132,3,1,1
BRDA:145,4,0,1
BRDA:145,4,1,1
BRDA:157,5,0,1
BRDA:157,5,1,1
BRDA:174,6,0,13
BRDA:174,6,1,1
BRDA:189,7,0,2
BRDA:189,7,1,1
BRDA:190,8,0,1
BRDA:190,8,1,1
BRDA:207,9,0,13
BRDA:207,9,1,1
BRDA:223,10,0,1
BRDA:223,10,1,12
BRDA:247,11,0,8
BRDA:247,11,1,1
BRDA:251,12,0,6
BRDA:251,12,1,2
BRDA:266,13,0,1
BRDA:266,13,1,7
BRDA:269,14,0,6
BRDA:269,14,1,1
BRDA:294,15,0,4
BRDA:294,15,1,1
BRDA:296,16,0,3
BRDA:296,16,1,1
BRDA:312,17,0,3
BRDA:312,17,1,0
BRDA:322,18,0,2
BRDA:322,18,1,1
BRDA:352,19,0,3
BRDA:352,19,1,7
BRDA:355,20,0,6
BRDA:355,20,1,1
BRDA:423,21,0,1
BRDA:423,21,1,9
BRDA:475,22,0,1
BRDA:475,22,1,7
BRF:44
BRH:43
end_of_record
TN:
SF:/Users/web3/Hardhat/lyra-vaults/contracts/core/LyraVault.sol
FN:40,constructor
FN:47,setStrategy
FN:59,trade
FN:73,reducePosition
FN:78,closeRound
FN:94,startNextRound
FN:112,setLyraRewardRecipient
FNF:7
FNH:7
FNDA:15,constructor
FNDA:6,setStrategy
FNDA:39,trade
FNDA:12,reducePosition
FNDA:10,closeRound
FNDA:14,startNextRound
FNDA:1,setLyraRewardRecipient
DA:41,15
DA:42,15
DA:48,6
DA:49,1
DA:52,6
DA:53,6
DA:54,6
DA:60,39
DA:62,36
DA:65,17
DA:68,17
DA:74,12
DA:79,10
DA:80,10
DA:81,10
DA:82,10
DA:83,10
DA:84,10
DA:87,10
DA:89,8
DA:95,14
DA:96,13
DA:98,12
DA:100,10
DA:102,10
DA:103,10
DA:104,10
DA:105,10
DA:107,10
DA:113,1
LF:30
LH:30
BRDA:48,1,0,1
BRDA:48,1,1,5
BRDA:60,2,0,36
BRDA:60,2,1,3
BRDA:95,3,0,13
BRDA:95,3,1,1
BRDA:96,4,0,12
BRDA:96,4,1,1
BRF:8
BRH:8
end_of_record
TN:
SF:/Users/web3/Hardhat/lyra-vaults/contracts/libraries/ShareMath.sol
FN:10,assetToShares
FN:22,sharesToAsset
FN:42,getSharesFromReceipt
FN:56,pricePerShare
FN:70,assertUint104
FN:74,assertUint128
FNF:6
FNH:6
FNDA:24,assetToShares
FNDA:15,sharesToAsset
FNDA:30,getSharesFromReceipt
FNDA:12,pricePerShare
FNDA:30,assertUint104
FNDA:34,assertUint128
DA:17,24
DA:19,23
DA:29,15
DA:31,14
DA:48,30
DA:49,13
DA:51,13
DA:53,17
DA:62,12
DA:63,12
DA:71,30
DA:75,34
LF:12
LH:12
BRDA:17,1,0,23
BRDA:17,1,1,1
BRDA:29,2,0,14
BRDA:29,2,1,1
BRDA:48,3,0,13
BRDA:48,3,1,17
BRDA:71,4,0,29
BRDA:71,4,1,1
BRDA:75,5,0,33
BRDA:75,5,1,1
BRF:10
BRH:10
end_of_record
TN:
SF:/Users/web3/Hardhat/lyra-vaults/contracts/libraries/Vault.sol
FNF:0
FNH:0
LF:0
LH:0
BRF:0
BRH:0
end_of_record
TN:
SF:/Users/web3/Hardhat/lyra-vaults/contracts/libraries/VaultLifecycle.sol
FN:33,rollover
FN:75,getVaultFees
FNF:2
FNH:2
FNDA:10,rollover
FNDA:10,getVaultFees
DA:49,10
DA:51,10
DA:56,10
DA:58,10
DA:60,10
DA:62,10
DA:89,10
DA:91,10
DA:93,10
DA:94,10
DA:95,10
DA:104,10
DA:105,4
DA:108,4
DA:112,4
DA:115,10
LF:16
LH:16
BRDA:104,1,0,4
BRDA:104,1,1,6
BRF:2
BRH:2
end_of_record
TN:
SF:/Users/web3/Hardhat/lyra-vaults/contracts/strategies/DeltaLongStrategy.sol
FN:54,constructor
FN:59,setStrategyDetail
FN:69,setBoard
FN:78,returnFundsAndClearStrikes
FN:97,doTrade
FN:129,reducePosition
FN:145,_buyStrike
FN:178,isValidStrike
FN:194,_isValidVolVariance
FN:206,_isValidExpiry
FNF:10
FNH:10
FNDA:3,constructor
FNDA:2,setStrategyDetail
FNDA:3,setBoard
FNDA:2,returnFundsAndClearStrikes
FNDA:11,doTrade
FNDA:1,reducePosition
FNDA:5,_buyStrike
FNDA:10,isValidStrike
FNDA:10,_isValidVolVariance
FNDA:3,_isValidExpiry
DA:60,2
DA:61,2
DA:62,1
DA:70,3
DA:71,3
DA:72,2
DA:80,2
DA:83,2
DA:105,11
DA:109,10
DA:111,10
DA:112,10
DA:115,5
DA:117,5
DA:122,5
DA:123,4
DA:134,1
DA:151,5
DA:164,4
DA:167,4
DA:169,4
DA:171,4
DA:179,10
DA:180,1
DA:183,9
DA:184,9
DA:185,9
DA:186,9
DA:187,9
DA:188,9
DA:195,10
DA:196,10
DA:198,10
DA:200,10
DA:207,3
DA:208,2
LF:36
LH:36
BRDA:61,1,0,1
BRDA:61,1,1,1
BRDA:71,2,0,2
BRDA:71,2,1,1
BRDA:105,3,0,10
BRDA:105,3,1,1
BRDA:109,4,0,10
BRDA:109,4,1,0
BRDA:112,5,0,5
BRDA:112,5,1,5
BRDA:117,6,0,5
BRDA:117,6,1,0
BRDA:169,7,0,4
BRDA:169,7,1,0
BRDA:179,8,0,1
BRDA:179,8,1,9
BRF:16
BRH:13
end_of_record
TN:
SF:/Users/web3/Hardhat/lyra-vaults/contracts/strategies/DeltaShortStrategy.sol
FN:56,constructor
FN:61,setStrategyDetail
FN:75,setBoard
FN:84,returnFundsAndClearStrikes
FN:102,doTrade
FN:136,getRequiredCollateral
FN:181,_sellStrike
FN:219,reducePosition
FN:267,getAllowedCloseAmount
FN:284,_getFullCollateral
FN:292,_getBufferCollateral
FN:314,isValidStrike
FN:330,_isValidVolVariance
FN:342,_isValidExpiry
FNF:14
FNH:14
FNDA:6,constructor
FNDA:3,setStrategyDetail
FNDA:5,setBoard
FNDA:4,returnFundsAndClearStrikes
FNDA:24,doTrade
FNDA:17,getRequiredCollateral
FNDA:14,_sellStrike
FNDA:11,reducePosition
FNDA:22,getAllowedCloseAmount
FNDA:56,_getFullCollateral
FNDA:39,_getBufferCollateral
FNDA:22,isValidStrike
FNDA:22,_isValidVolVariance
FNDA:5,_isValidExpiry
DA:62,3
DA:63,3
DA:64,2
DA:76,5
DA:77,5
DA:78,4
DA:86,4
DA:89,4
DA:110,24
DA:114,22
DA:116,22
DA:117,22
DA:119,14
DA:120,14
DA:122,14
DA:127,14
DA:141,17
DA:142,17
DA:145,17
DA:146,17
DA:147,17
DA:148,2
DA:149,2
DA:150,2
DA:154,17
DA:163,17
DA:167,17
DA:170,17
DA:187,14
DA:189,14
DA:202,12
DA:205,12
DA:207,12
DA:209,12
DA:220,11
DA:221,11
DA:222,11
DA:225,11
DA:231,6
DA:232,6
DA:244,6
DA:245,6
DA:246,4
DA:249,2
DA:252,6
DA:255,6
DA:256,3
DA:257,3
DA:260,3
DA:272,22
DA:273,22
DA:275,22
DA:286,56
DA:298,39
DA:299,39
DA:301,39
DA:303,39
DA:315,22
DA:316,1
DA:319,21
DA:320,21
DA:321,21
DA:322,21
DA:323,21
DA:324,21
DA:331,22
DA:332,22
DA:334,22
DA:336,22
DA:343,5
DA:344,4
LF:71
LH:71
BRDA:63,1,0,2
BRDA:63,1,1,1
BRDA:77,2,0,4
BRDA:77,2,1,1
BRDA:110,3,0,22
BRDA:110,3,1,2
BRDA:114,4,0,22
BRDA:114,4,1,0
BRDA:117,5,0,14
BRDA:117,5,1,8
BRDA:122,6,0,14
BRDA:122,6,1,0
BRDA:147,7,0,2
BRDA:147,7,1,15
BRDA:207,8,0,12
BRDA:207,8,1,0
BRDA:222,9,0,11
BRDA:222,9,1,0
BRDA:225,10,0,6
BRDA:225,10,1,5
BRDA:245,11,0,4
BRDA:245,11,1,2
BRDA:252,12,0,6
BRDA:252,12,1,0
BRDA:255,13,0,3
BRDA:255,13,1,3
BRDA:315,14,0,1
BRDA:315,14,1,21
BRF:28
BRH:23
end_of_record
TN:
SF:/Users/web3/Hardhat/lyra-vaults/contracts/strategies/StrategyBase.sol
FN:39,onlyVault
FN:48,constructor
FN:66,initAdapter
FN:95,_returnFundsToVaut
FN:122,_getPremiumLimit
FN:141,_isOutsideDeltaCutoff
FN:154,_addActiveStrike
FN:164,_setLastTradedAt
FN:172,_clearAllActiveStrikes
FN:186,_isActiveStrike
FN:194,_isBaseCollat
FN:198,_isCall
FN:202,_getSecondsToExpiry
FN:207,_abs
FN:211,_min
FN:215,_max
FN:220,_toDynamic
FNF:17
FNH:17
FNDA:62,onlyVault
FNDA:9,constructor
FNDA:3,initAdapter
FNDA:6,_returnFundsToVaut
FNDA:25,_getPremiumLimit
FNDA:6,_isOutsideDeltaCutoff
FNDA:16,_addActiveStrike
FNDA:4,_setLastTradedAt
FNDA:6,_clearAllActiveStrikes
FNDA:33,_isActiveStrike
FNDA:71,_isBaseCollat
FNDA:55,_isCall
FNDA:33,_getSecondsToExpiry
FNDA:30,_abs
FNDA:39,_min
FNDA:34,_max
FNDA:133,_toDynamic
DA:40,62
DA:41,60
DA:49,9
DA:50,9
DA:51,9
DA:68,3
DA:82,3
DA:83,3
DA:84,3
DA:96,6
DA:97,6
DA:99,6
DA:101,3
DA:102,3
DA:105,3
DA:106,3
DA:109,3
DA:127,25
DA:128,25
DA:135,25
DA:142,6
DA:143,6
DA:144,6
DA:155,16
DA:156,14
DA:157,14
DA:165,4
DA:173,6
DA:174,6
DA:175,9
DA:176,9
DA:178,9
DA:179,7
DA:180,7
DA:182,4
DA:187,33
DA:195,71
DA:199,55
DA:203,33
DA:204,31
DA:208,30
DA:212,39
DA:216,34
DA:221,133
DA:222,133
LF:45
LH:45
BRDA:40,1,0,60
BRDA:40,1,1,2
BRDA:99,2,0,3
BRDA:99,2,1,3
BRDA:106,3,0,3
BRDA:106,3,1,0
BRDA:109,4,0,3
BRDA:109,4,1,0
BRDA:155,5,0,14
BRDA:155,5,1,2
BRDA:173,6,0,6
BRDA:173,6,1,0
BRDA:178,7,0,7
BRDA:178,7,1,2
BRDA:203,8,0,31
BRDA:203,8,1,2
BRF:16
BRH:13
end_of_record
